[2023-06-10 17:00:48] local.ERROR: Class "Fideloper\Proxy\TrustProxies" not found {"exception":"[object] (Error(code: 0): Class \"Fideloper\\Proxy\\TrustProxies\" not found at /home/bsolutio/public_html/saleswheel/app/Http/Middleware/TrustProxies.php:8)
[stacktrace]
#0 /home/bsolutio/public_html/saleswheel/vendor/composer/ClassLoader.php(571): include()
#1 /home/bsolutio/public_html/saleswheel/vendor/composer/ClassLoader.php(428): Composer\\Autoload\\includeFile()
#2 [internal function]: Composer\\Autoload\\ClassLoader->loadClass()
#3 /home/bsolutio/public_html/saleswheel/vendor/laravel/framework/src/Illuminate/Container/Container.php(889): ReflectionClass->__construct()
#4 /home/bsolutio/public_html/saleswheel/vendor/laravel/framework/src/Illuminate/Container/Container.php(770): Illuminate\\Container\\Container->build()
#5 /home/bsolutio/public_html/saleswheel/vendor/laravel/framework/src/Illuminate/Foundation/Application.php(856): Illuminate\\Container\\Container->resolve()
#6 /home/bsolutio/public_html/saleswheel/vendor/laravel/framework/src/Illuminate/Container/Container.php(706): Illuminate\\Foundation\\Application->resolve()
#7 /home/bsolutio/public_html/saleswheel/vendor/laravel/framework/src/Illuminate/Foundation/Application.php(841): Illuminate\\Container\\Container->make()
#8 /home/bsolutio/public_html/saleswheel/vendor/laravel/framework/src/Illuminate/Pipeline/Pipeline.php(169): Illuminate\\Foundation\\Application->make()
#9 /home/bsolutio/public_html/saleswheel/vendor/laravel/framework/src/Illuminate/Pipeline/Pipeline.php(116): Illuminate\\Pipeline\\Pipeline->Illuminate\\Pipeline\\{closure}()
#10 /home/bsolutio/public_html/saleswheel/vendor/laravel/framework/src/Illuminate/Foundation/Http/Kernel.php(165): Illuminate\\Pipeline\\Pipeline->then()
#11 /home/bsolutio/public_html/saleswheel/vendor/laravel/framework/src/Illuminate/Foundation/Http/Kernel.php(134): Illuminate\\Foundation\\Http\\Kernel->sendRequestThroughRouter()
#12 /home/bsolutio/public_html/saleswheel/public/index.php(52): Illuminate\\Foundation\\Http\\Kernel->handle()
#13 /home/bsolutio/public_html/saleswheel/server.php(21): require_once('/home/bsolutio/...')
#14 {main}
"} 
[2023-06-10 17:00:48] local.ERROR: Class "Fideloper\Proxy\TrustProxies" not found {"exception":"[object] (Error(code: 0): Class \"Fideloper\\Proxy\\TrustProxies\" not found at /home/bsolutio/public_html/saleswheel/app/Http/Middleware/TrustProxies.php:8)
[stacktrace]
#0 /home/bsolutio/public_html/saleswheel/vendor/composer/ClassLoader.php(571): include()
#1 /home/bsolutio/public_html/saleswheel/vendor/composer/ClassLoader.php(428): Composer\\Autoload\\includeFile()
#2 [internal function]: Composer\\Autoload\\ClassLoader->loadClass()
#3 /home/bsolutio/public_html/saleswheel/vendor/laravel/framework/src/Illuminate/Container/Container.php(889): ReflectionClass->__construct()
#4 /home/bsolutio/public_html/saleswheel/vendor/laravel/framework/src/Illuminate/Container/Container.php(770): Illuminate\\Container\\Container->build()
#5 /home/bsolutio/public_html/saleswheel/vendor/laravel/framework/src/Illuminate/Foundation/Application.php(856): Illuminate\\Container\\Container->resolve()
#6 /home/bsolutio/public_html/saleswheel/vendor/laravel/framework/src/Illuminate/Container/Container.php(706): Illuminate\\Foundation\\Application->resolve()
#7 /home/bsolutio/public_html/saleswheel/vendor/laravel/framework/src/Illuminate/Foundation/Application.php(841): Illuminate\\Container\\Container->make()
#8 /home/bsolutio/public_html/saleswheel/vendor/laravel/framework/src/Illuminate/Foundation/Http/Kernel.php(239): Illuminate\\Foundation\\Application->make()
#9 /home/bsolutio/public_html/saleswheel/vendor/laravel/framework/src/Illuminate/Foundation/Http/Kernel.php(203): Illuminate\\Foundation\\Http\\Kernel->terminateMiddleware()
#10 /home/bsolutio/public_html/saleswheel/public/index.php(55): Illuminate\\Foundation\\Http\\Kernel->terminate()
#11 /home/bsolutio/public_html/saleswheel/server.php(21): require_once('/home/bsolutio/...')
#12 {main}
"} 
[2023-06-10 17:00:49] local.ERROR: Class "Fideloper\Proxy\TrustProxies" not found {"exception":"[object] (Error(code: 0): Class \"Fideloper\\Proxy\\TrustProxies\" not found at /home/bsolutio/public_html/saleswheel/app/Http/Middleware/TrustProxies.php:8)
[stacktrace]
#0 /home/bsolutio/public_html/saleswheel/vendor/composer/ClassLoader.php(571): include()
#1 /home/bsolutio/public_html/saleswheel/vendor/composer/ClassLoader.php(428): Composer\\Autoload\\includeFile()
#2 [internal function]: Composer\\Autoload\\ClassLoader->loadClass()
#3 /home/bsolutio/public_html/saleswheel/vendor/laravel/framework/src/Illuminate/Container/Container.php(889): ReflectionClass->__construct()
#4 /home/bsolutio/public_html/saleswheel/vendor/laravel/framework/src/Illuminate/Container/Container.php(770): Illuminate\\Container\\Container->build()
#5 /home/bsolutio/public_html/saleswheel/vendor/laravel/framework/src/Illuminate/Foundation/Application.php(856): Illuminate\\Container\\Container->resolve()
#6 /home/bsolutio/public_html/saleswheel/vendor/laravel/framework/src/Illuminate/Container/Container.php(706): Illuminate\\Foundation\\Application->resolve()
#7 /home/bsolutio/public_html/saleswheel/vendor/laravel/framework/src/Illuminate/Foundation/Application.php(841): Illuminate\\Container\\Container->make()
#8 /home/bsolutio/public_html/saleswheel/vendor/laravel/framework/src/Illuminate/Pipeline/Pipeline.php(169): Illuminate\\Foundation\\Application->make()
#9 /home/bsolutio/public_html/saleswheel/vendor/laravel/framework/src/Illuminate/Pipeline/Pipeline.php(116): Illuminate\\Pipeline\\Pipeline->Illuminate\\Pipeline\\{closure}()
#10 /home/bsolutio/public_html/saleswheel/vendor/laravel/framework/src/Illuminate/Foundation/Http/Kernel.php(165): Illuminate\\Pipeline\\Pipeline->then()
#11 /home/bsolutio/public_html/saleswheel/vendor/laravel/framework/src/Illuminate/Foundation/Http/Kernel.php(134): Illuminate\\Foundation\\Http\\Kernel->sendRequestThroughRouter()
#12 /home/bsolutio/public_html/saleswheel/public/index.php(52): Illuminate\\Foundation\\Http\\Kernel->handle()
#13 /home/bsolutio/public_html/saleswheel/server.php(21): require_once('/home/bsolutio/...')
#14 {main}
"} 
[2023-06-10 17:00:49] local.ERROR: Class "Fideloper\Proxy\TrustProxies" not found {"exception":"[object] (Error(code: 0): Class \"Fideloper\\Proxy\\TrustProxies\" not found at /home/bsolutio/public_html/saleswheel/app/Http/Middleware/TrustProxies.php:8)
[stacktrace]
#0 /home/bsolutio/public_html/saleswheel/vendor/composer/ClassLoader.php(571): include()
#1 /home/bsolutio/public_html/saleswheel/vendor/composer/ClassLoader.php(428): Composer\\Autoload\\includeFile()
#2 [internal function]: Composer\\Autoload\\ClassLoader->loadClass()
#3 /home/bsolutio/public_html/saleswheel/vendor/laravel/framework/src/Illuminate/Container/Container.php(889): ReflectionClass->__construct()
#4 /home/bsolutio/public_html/saleswheel/vendor/laravel/framework/src/Illuminate/Container/Container.php(770): Illuminate\\Container\\Container->build()
#5 /home/bsolutio/public_html/saleswheel/vendor/laravel/framework/src/Illuminate/Foundation/Application.php(856): Illuminate\\Container\\Container->resolve()
#6 /home/bsolutio/public_html/saleswheel/vendor/laravel/framework/src/Illuminate/Container/Container.php(706): Illuminate\\Foundation\\Application->resolve()
#7 /home/bsolutio/public_html/saleswheel/vendor/laravel/framework/src/Illuminate/Foundation/Application.php(841): Illuminate\\Container\\Container->make()
#8 /home/bsolutio/public_html/saleswheel/vendor/laravel/framework/src/Illuminate/Foundation/Http/Kernel.php(239): Illuminate\\Foundation\\Application->make()
#9 /home/bsolutio/public_html/saleswheel/vendor/laravel/framework/src/Illuminate/Foundation/Http/Kernel.php(203): Illuminate\\Foundation\\Http\\Kernel->terminateMiddleware()
#10 /home/bsolutio/public_html/saleswheel/public/index.php(55): Illuminate\\Foundation\\Http\\Kernel->terminate()
#11 /home/bsolutio/public_html/saleswheel/server.php(21): require_once('/home/bsolutio/...')
#12 {main}
"} 
[2023-06-10 17:00:53] local.ERROR: Class "Fideloper\Proxy\TrustProxies" not found {"exception":"[object] (Error(code: 0): Class \"Fideloper\\Proxy\\TrustProxies\" not found at /home/bsolutio/public_html/saleswheel/app/Http/Middleware/TrustProxies.php:8)
[stacktrace]
#0 /home/bsolutio/public_html/saleswheel/vendor/composer/ClassLoader.php(571): include()
#1 /home/bsolutio/public_html/saleswheel/vendor/composer/ClassLoader.php(428): Composer\\Autoload\\includeFile()
#2 [internal function]: Composer\\Autoload\\ClassLoader->loadClass()
#3 /home/bsolutio/public_html/saleswheel/vendor/laravel/framework/src/Illuminate/Container/Container.php(889): ReflectionClass->__construct()
#4 /home/bsolutio/public_html/saleswheel/vendor/laravel/framework/src/Illuminate/Container/Container.php(770): Illuminate\\Container\\Container->build()
#5 /home/bsolutio/public_html/saleswheel/vendor/laravel/framework/src/Illuminate/Foundation/Application.php(856): Illuminate\\Container\\Container->resolve()
#6 /home/bsolutio/public_html/saleswheel/vendor/laravel/framework/src/Illuminate/Container/Container.php(706): Illuminate\\Foundation\\Application->resolve()
#7 /home/bsolutio/public_html/saleswheel/vendor/laravel/framework/src/Illuminate/Foundation/Application.php(841): Illuminate\\Container\\Container->make()
#8 /home/bsolutio/public_html/saleswheel/vendor/laravel/framework/src/Illuminate/Pipeline/Pipeline.php(169): Illuminate\\Foundation\\Application->make()
#9 /home/bsolutio/public_html/saleswheel/vendor/laravel/framework/src/Illuminate/Pipeline/Pipeline.php(116): Illuminate\\Pipeline\\Pipeline->Illuminate\\Pipeline\\{closure}()
#10 /home/bsolutio/public_html/saleswheel/vendor/laravel/framework/src/Illuminate/Foundation/Http/Kernel.php(165): Illuminate\\Pipeline\\Pipeline->then()
#11 /home/bsolutio/public_html/saleswheel/vendor/laravel/framework/src/Illuminate/Foundation/Http/Kernel.php(134): Illuminate\\Foundation\\Http\\Kernel->sendRequestThroughRouter()
#12 /home/bsolutio/public_html/saleswheel/public/index.php(52): Illuminate\\Foundation\\Http\\Kernel->handle()
#13 /home/bsolutio/public_html/saleswheel/server.php(21): require_once('/home/bsolutio/...')
#14 {main}
"} 
[2023-06-10 17:00:53] local.ERROR: Class "Fideloper\Proxy\TrustProxies" not found {"exception":"[object] (Error(code: 0): Class \"Fideloper\\Proxy\\TrustProxies\" not found at /home/bsolutio/public_html/saleswheel/app/Http/Middleware/TrustProxies.php:8)
[stacktrace]
#0 /home/bsolutio/public_html/saleswheel/vendor/composer/ClassLoader.php(571): include()
#1 /home/bsolutio/public_html/saleswheel/vendor/composer/ClassLoader.php(428): Composer\\Autoload\\includeFile()
#2 [internal function]: Composer\\Autoload\\ClassLoader->loadClass()
#3 /home/bsolutio/public_html/saleswheel/vendor/laravel/framework/src/Illuminate/Container/Container.php(889): ReflectionClass->__construct()
#4 /home/bsolutio/public_html/saleswheel/vendor/laravel/framework/src/Illuminate/Container/Container.php(770): Illuminate\\Container\\Container->build()
#5 /home/bsolutio/public_html/saleswheel/vendor/laravel/framework/src/Illuminate/Foundation/Application.php(856): Illuminate\\Container\\Container->resolve()
#6 /home/bsolutio/public_html/saleswheel/vendor/laravel/framework/src/Illuminate/Container/Container.php(706): Illuminate\\Foundation\\Application->resolve()
#7 /home/bsolutio/public_html/saleswheel/vendor/laravel/framework/src/Illuminate/Foundation/Application.php(841): Illuminate\\Container\\Container->make()
#8 /home/bsolutio/public_html/saleswheel/vendor/laravel/framework/src/Illuminate/Foundation/Http/Kernel.php(239): Illuminate\\Foundation\\Application->make()
#9 /home/bsolutio/public_html/saleswheel/vendor/laravel/framework/src/Illuminate/Foundation/Http/Kernel.php(203): Illuminate\\Foundation\\Http\\Kernel->terminateMiddleware()
#10 /home/bsolutio/public_html/saleswheel/public/index.php(55): Illuminate\\Foundation\\Http\\Kernel->terminate()
#11 /home/bsolutio/public_html/saleswheel/server.php(21): require_once('/home/bsolutio/...')
#12 {main}
"} 
[2023-06-10 17:00:54] local.ERROR: Class "Fideloper\Proxy\TrustProxies" not found {"exception":"[object] (Error(code: 0): Class \"Fideloper\\Proxy\\TrustProxies\" not found at /home/bsolutio/public_html/saleswheel/app/Http/Middleware/TrustProxies.php:8)
[stacktrace]
#0 /home/bsolutio/public_html/saleswheel/vendor/composer/ClassLoader.php(571): include()
#1 /home/bsolutio/public_html/saleswheel/vendor/composer/ClassLoader.php(428): Composer\\Autoload\\includeFile()
#2 [internal function]: Composer\\Autoload\\ClassLoader->loadClass()
#3 /home/bsolutio/public_html/saleswheel/vendor/laravel/framework/src/Illuminate/Container/Container.php(889): ReflectionClass->__construct()
#4 /home/bsolutio/public_html/saleswheel/vendor/laravel/framework/src/Illuminate/Container/Container.php(770): Illuminate\\Container\\Container->build()
#5 /home/bsolutio/public_html/saleswheel/vendor/laravel/framework/src/Illuminate/Foundation/Application.php(856): Illuminate\\Container\\Container->resolve()
#6 /home/bsolutio/public_html/saleswheel/vendor/laravel/framework/src/Illuminate/Container/Container.php(706): Illuminate\\Foundation\\Application->resolve()
#7 /home/bsolutio/public_html/saleswheel/vendor/laravel/framework/src/Illuminate/Foundation/Application.php(841): Illuminate\\Container\\Container->make()
#8 /home/bsolutio/public_html/saleswheel/vendor/laravel/framework/src/Illuminate/Pipeline/Pipeline.php(169): Illuminate\\Foundation\\Application->make()
#9 /home/bsolutio/public_html/saleswheel/vendor/laravel/framework/src/Illuminate/Pipeline/Pipeline.php(116): Illuminate\\Pipeline\\Pipeline->Illuminate\\Pipeline\\{closure}()
#10 /home/bsolutio/public_html/saleswheel/vendor/laravel/framework/src/Illuminate/Foundation/Http/Kernel.php(165): Illuminate\\Pipeline\\Pipeline->then()
#11 /home/bsolutio/public_html/saleswheel/vendor/laravel/framework/src/Illuminate/Foundation/Http/Kernel.php(134): Illuminate\\Foundation\\Http\\Kernel->sendRequestThroughRouter()
#12 /home/bsolutio/public_html/saleswheel/public/index.php(52): Illuminate\\Foundation\\Http\\Kernel->handle()
#13 /home/bsolutio/public_html/saleswheel/server.php(21): require_once('/home/bsolutio/...')
#14 {main}
"} 
[2023-06-10 17:00:54] local.ERROR: Class "Fideloper\Proxy\TrustProxies" not found {"exception":"[object] (Error(code: 0): Class \"Fideloper\\Proxy\\TrustProxies\" not found at /home/bsolutio/public_html/saleswheel/app/Http/Middleware/TrustProxies.php:8)
[stacktrace]
#0 /home/bsolutio/public_html/saleswheel/vendor/composer/ClassLoader.php(571): include()
#1 /home/bsolutio/public_html/saleswheel/vendor/composer/ClassLoader.php(428): Composer\\Autoload\\includeFile()
#2 [internal function]: Composer\\Autoload\\ClassLoader->loadClass()
#3 /home/bsolutio/public_html/saleswheel/vendor/laravel/framework/src/Illuminate/Container/Container.php(889): ReflectionClass->__construct()
#4 /home/bsolutio/public_html/saleswheel/vendor/laravel/framework/src/Illuminate/Container/Container.php(770): Illuminate\\Container\\Container->build()
#5 /home/bsolutio/public_html/saleswheel/vendor/laravel/framework/src/Illuminate/Foundation/Application.php(856): Illuminate\\Container\\Container->resolve()
#6 /home/bsolutio/public_html/saleswheel/vendor/laravel/framework/src/Illuminate/Container/Container.php(706): Illuminate\\Foundation\\Application->resolve()
#7 /home/bsolutio/public_html/saleswheel/vendor/laravel/framework/src/Illuminate/Foundation/Application.php(841): Illuminate\\Container\\Container->make()
#8 /home/bsolutio/public_html/saleswheel/vendor/laravel/framework/src/Illuminate/Foundation/Http/Kernel.php(239): Illuminate\\Foundation\\Application->make()
#9 /home/bsolutio/public_html/saleswheel/vendor/laravel/framework/src/Illuminate/Foundation/Http/Kernel.php(203): Illuminate\\Foundation\\Http\\Kernel->terminateMiddleware()
#10 /home/bsolutio/public_html/saleswheel/public/index.php(55): Illuminate\\Foundation\\Http\\Kernel->terminate()
#11 /home/bsolutio/public_html/saleswheel/server.php(21): require_once('/home/bsolutio/...')
#12 {main}
"} 
[2023-06-10 17:00:55] local.ERROR: Class "Fideloper\Proxy\TrustProxies" not found {"exception":"[object] (Error(code: 0): Class \"Fideloper\\Proxy\\TrustProxies\" not found at /home/bsolutio/public_html/saleswheel/app/Http/Middleware/TrustProxies.php:8)
[stacktrace]
#0 /home/bsolutio/public_html/saleswheel/vendor/composer/ClassLoader.php(571): include()
#1 /home/bsolutio/public_html/saleswheel/vendor/composer/ClassLoader.php(428): Composer\\Autoload\\includeFile()
#2 [internal function]: Composer\\Autoload\\ClassLoader->loadClass()
#3 /home/bsolutio/public_html/saleswheel/vendor/laravel/framework/src/Illuminate/Container/Container.php(889): ReflectionClass->__construct()
#4 /home/bsolutio/public_html/saleswheel/vendor/laravel/framework/src/Illuminate/Container/Container.php(770): Illuminate\\Container\\Container->build()
#5 /home/bsolutio/public_html/saleswheel/vendor/laravel/framework/src/Illuminate/Foundation/Application.php(856): Illuminate\\Container\\Container->resolve()
#6 /home/bsolutio/public_html/saleswheel/vendor/laravel/framework/src/Illuminate/Container/Container.php(706): Illuminate\\Foundation\\Application->resolve()
#7 /home/bsolutio/public_html/saleswheel/vendor/laravel/framework/src/Illuminate/Foundation/Application.php(841): Illuminate\\Container\\Container->make()
#8 /home/bsolutio/public_html/saleswheel/vendor/laravel/framework/src/Illuminate/Pipeline/Pipeline.php(169): Illuminate\\Foundation\\Application->make()
#9 /home/bsolutio/public_html/saleswheel/vendor/laravel/framework/src/Illuminate/Pipeline/Pipeline.php(116): Illuminate\\Pipeline\\Pipeline->Illuminate\\Pipeline\\{closure}()
#10 /home/bsolutio/public_html/saleswheel/vendor/laravel/framework/src/Illuminate/Foundation/Http/Kernel.php(165): Illuminate\\Pipeline\\Pipeline->then()
#11 /home/bsolutio/public_html/saleswheel/vendor/laravel/framework/src/Illuminate/Foundation/Http/Kernel.php(134): Illuminate\\Foundation\\Http\\Kernel->sendRequestThroughRouter()
#12 /home/bsolutio/public_html/saleswheel/public/index.php(52): Illuminate\\Foundation\\Http\\Kernel->handle()
#13 /home/bsolutio/public_html/saleswheel/server.php(21): require_once('/home/bsolutio/...')
#14 {main}
"} 
[2023-06-10 17:00:55] local.ERROR: Class "Fideloper\Proxy\TrustProxies" not found {"exception":"[object] (Error(code: 0): Class \"Fideloper\\Proxy\\TrustProxies\" not found at /home/bsolutio/public_html/saleswheel/app/Http/Middleware/TrustProxies.php:8)
[stacktrace]
#0 /home/bsolutio/public_html/saleswheel/vendor/composer/ClassLoader.php(571): include()
#1 /home/bsolutio/public_html/saleswheel/vendor/composer/ClassLoader.php(428): Composer\\Autoload\\includeFile()
#2 [internal function]: Composer\\Autoload\\ClassLoader->loadClass()
#3 /home/bsolutio/public_html/saleswheel/vendor/laravel/framework/src/Illuminate/Container/Container.php(889): ReflectionClass->__construct()
#4 /home/bsolutio/public_html/saleswheel/vendor/laravel/framework/src/Illuminate/Container/Container.php(770): Illuminate\\Container\\Container->build()
#5 /home/bsolutio/public_html/saleswheel/vendor/laravel/framework/src/Illuminate/Foundation/Application.php(856): Illuminate\\Container\\Container->resolve()
#6 /home/bsolutio/public_html/saleswheel/vendor/laravel/framework/src/Illuminate/Container/Container.php(706): Illuminate\\Foundation\\Application->resolve()
#7 /home/bsolutio/public_html/saleswheel/vendor/laravel/framework/src/Illuminate/Foundation/Application.php(841): Illuminate\\Container\\Container->make()
#8 /home/bsolutio/public_html/saleswheel/vendor/laravel/framework/src/Illuminate/Foundation/Http/Kernel.php(239): Illuminate\\Foundation\\Application->make()
#9 /home/bsolutio/public_html/saleswheel/vendor/laravel/framework/src/Illuminate/Foundation/Http/Kernel.php(203): Illuminate\\Foundation\\Http\\Kernel->terminateMiddleware()
#10 /home/bsolutio/public_html/saleswheel/public/index.php(55): Illuminate\\Foundation\\Http\\Kernel->terminate()
#11 /home/bsolutio/public_html/saleswheel/server.php(21): require_once('/home/bsolutio/...')
#12 {main}
"} 
[2023-06-10 17:00:55] local.ERROR: Class "Fideloper\Proxy\TrustProxies" not found {"exception":"[object] (Error(code: 0): Class \"Fideloper\\Proxy\\TrustProxies\" not found at /home/bsolutio/public_html/saleswheel/app/Http/Middleware/TrustProxies.php:8)
[stacktrace]
#0 /home/bsolutio/public_html/saleswheel/vendor/composer/ClassLoader.php(571): include()
#1 /home/bsolutio/public_html/saleswheel/vendor/composer/ClassLoader.php(428): Composer\\Autoload\\includeFile()
#2 [internal function]: Composer\\Autoload\\ClassLoader->loadClass()
#3 /home/bsolutio/public_html/saleswheel/vendor/laravel/framework/src/Illuminate/Container/Container.php(889): ReflectionClass->__construct()
#4 /home/bsolutio/public_html/saleswheel/vendor/laravel/framework/src/Illuminate/Container/Container.php(770): Illuminate\\Container\\Container->build()
#5 /home/bsolutio/public_html/saleswheel/vendor/laravel/framework/src/Illuminate/Foundation/Application.php(856): Illuminate\\Container\\Container->resolve()
#6 /home/bsolutio/public_html/saleswheel/vendor/laravel/framework/src/Illuminate/Container/Container.php(706): Illuminate\\Foundation\\Application->resolve()
#7 /home/bsolutio/public_html/saleswheel/vendor/laravel/framework/src/Illuminate/Foundation/Application.php(841): Illuminate\\Container\\Container->make()
#8 /home/bsolutio/public_html/saleswheel/vendor/laravel/framework/src/Illuminate/Pipeline/Pipeline.php(169): Illuminate\\Foundation\\Application->make()
#9 /home/bsolutio/public_html/saleswheel/vendor/laravel/framework/src/Illuminate/Pipeline/Pipeline.php(116): Illuminate\\Pipeline\\Pipeline->Illuminate\\Pipeline\\{closure}()
#10 /home/bsolutio/public_html/saleswheel/vendor/laravel/framework/src/Illuminate/Foundation/Http/Kernel.php(165): Illuminate\\Pipeline\\Pipeline->then()
#11 /home/bsolutio/public_html/saleswheel/vendor/laravel/framework/src/Illuminate/Foundation/Http/Kernel.php(134): Illuminate\\Foundation\\Http\\Kernel->sendRequestThroughRouter()
#12 /home/bsolutio/public_html/saleswheel/public/index.php(52): Illuminate\\Foundation\\Http\\Kernel->handle()
#13 /home/bsolutio/public_html/saleswheel/server.php(21): require_once('/home/bsolutio/...')
#14 {main}
"} 
[2023-06-10 17:00:56] local.ERROR: Class "Fideloper\Proxy\TrustProxies" not found {"exception":"[object] (Error(code: 0): Class \"Fideloper\\Proxy\\TrustProxies\" not found at /home/bsolutio/public_html/saleswheel/app/Http/Middleware/TrustProxies.php:8)
[stacktrace]
#0 /home/bsolutio/public_html/saleswheel/vendor/composer/ClassLoader.php(571): include()
#1 /home/bsolutio/public_html/saleswheel/vendor/composer/ClassLoader.php(428): Composer\\Autoload\\includeFile()
#2 [internal function]: Composer\\Autoload\\ClassLoader->loadClass()
#3 /home/bsolutio/public_html/saleswheel/vendor/laravel/framework/src/Illuminate/Container/Container.php(889): ReflectionClass->__construct()
#4 /home/bsolutio/public_html/saleswheel/vendor/laravel/framework/src/Illuminate/Container/Container.php(770): Illuminate\\Container\\Container->build()
#5 /home/bsolutio/public_html/saleswheel/vendor/laravel/framework/src/Illuminate/Foundation/Application.php(856): Illuminate\\Container\\Container->resolve()
#6 /home/bsolutio/public_html/saleswheel/vendor/laravel/framework/src/Illuminate/Container/Container.php(706): Illuminate\\Foundation\\Application->resolve()
#7 /home/bsolutio/public_html/saleswheel/vendor/laravel/framework/src/Illuminate/Foundation/Application.php(841): Illuminate\\Container\\Container->make()
#8 /home/bsolutio/public_html/saleswheel/vendor/laravel/framework/src/Illuminate/Foundation/Http/Kernel.php(239): Illuminate\\Foundation\\Application->make()
#9 /home/bsolutio/public_html/saleswheel/vendor/laravel/framework/src/Illuminate/Foundation/Http/Kernel.php(203): Illuminate\\Foundation\\Http\\Kernel->terminateMiddleware()
#10 /home/bsolutio/public_html/saleswheel/public/index.php(55): Illuminate\\Foundation\\Http\\Kernel->terminate()
#11 /home/bsolutio/public_html/saleswheel/server.php(21): require_once('/home/bsolutio/...')
#12 {main}
"} 
