[2023-05-26 13:35:00] local.ERROR: syntax error, unexpected token "echo", expecting ";" {"exception":"[object] (ParseError(code: 0): syntax error, unexpected token \"echo\", expecting \";\" at /home/bsolutio/public_html/saleswheel/routes/web.php:22)
[stacktrace]
#0 /home/bsolutio/public_html/saleswheel/vendor/laravel/framework/src/Illuminate/Routing/Router.php(503): Illuminate\\Routing\\RouteFileRegistrar->register()
#1 /home/bsolutio/public_html/saleswheel/vendor/laravel/framework/src/Illuminate/Routing/Router.php(457): Illuminate\\Routing\\Router->loadRoutes()
#2 /home/bsolutio/public_html/saleswheel/vendor/laravel/framework/src/Illuminate/Routing/RouteRegistrar.php(192): Illuminate\\Routing\\Router->group()
#3 /home/bsolutio/public_html/saleswheel/app/Providers/RouteServiceProvider.php(59): Illuminate\\Routing\\RouteRegistrar->group()
#4 /home/bsolutio/public_html/saleswheel/app/Providers/RouteServiceProvider.php(40): App\\Providers\\RouteServiceProvider->mapWebRoutes()
#5 /home/bsolutio/public_html/saleswheel/vendor/laravel/framework/src/Illuminate/Container/BoundMethod.php(36): App\\Providers\\RouteServiceProvider->map()
#6 /home/bsolutio/public_html/saleswheel/vendor/laravel/framework/src/Illuminate/Container/Util.php(41): Illuminate\\Container\\BoundMethod::Illuminate\\Container\\{closure}()
#7 /home/bsolutio/public_html/saleswheel/vendor/laravel/framework/src/Illuminate/Container/BoundMethod.php(93): Illuminate\\Container\\Util::unwrapIfClosure()
#8 /home/bsolutio/public_html/saleswheel/vendor/laravel/framework/src/Illuminate/Container/BoundMethod.php(37): Illuminate\\Container\\BoundMethod::callBoundMethod()
#9 /home/bsolutio/public_html/saleswheel/vendor/laravel/framework/src/Illuminate/Container/Container.php(661): Illuminate\\Container\\BoundMethod::call()
#10 /home/bsolutio/public_html/saleswheel/vendor/laravel/framework/src/Illuminate/Foundation/Support/Providers/RouteServiceProvider.php(122): Illuminate\\Container\\Container->call()
#11 /home/bsolutio/public_html/saleswheel/vendor/laravel/framework/src/Illuminate/Foundation/Support/Providers/RouteServiceProvider.php(45): Illuminate\\Foundation\\Support\\Providers\\RouteServiceProvider->loadRoutes()
#12 /home/bsolutio/public_html/saleswheel/vendor/laravel/framework/src/Illuminate/Container/BoundMethod.php(36): Illuminate\\Foundation\\Support\\Providers\\RouteServiceProvider->Illuminate\\Foundation\\Support\\Providers\\{closure}()
#13 /home/bsolutio/public_html/saleswheel/vendor/laravel/framework/src/Illuminate/Container/Util.php(41): Illuminate\\Container\\BoundMethod::Illuminate\\Container\\{closure}()
#14 /home/bsolutio/public_html/saleswheel/vendor/laravel/framework/src/Illuminate/Container/BoundMethod.php(81): Illuminate\\Container\\Util::unwrapIfClosure()
#15 /home/bsolutio/public_html/saleswheel/vendor/laravel/framework/src/Illuminate/Container/BoundMethod.php(37): Illuminate\\Container\\BoundMethod::callBoundMethod()
#16 /home/bsolutio/public_html/saleswheel/vendor/laravel/framework/src/Illuminate/Container/Container.php(661): Illuminate\\Container\\BoundMethod::call()
#17 /home/bsolutio/public_html/saleswheel/vendor/laravel/framework/src/Illuminate/Support/ServiceProvider.php(119): Illuminate\\Container\\Container->call()
#18 /home/bsolutio/public_html/saleswheel/vendor/laravel/framework/src/Illuminate/Foundation/Application.php(932): Illuminate\\Support\\ServiceProvider->callBootedCallbacks()
#19 /home/bsolutio/public_html/saleswheel/vendor/laravel/framework/src/Illuminate/Foundation/Application.php(910): Illuminate\\Foundation\\Application->bootProvider()
#20 [internal function]: Illuminate\\Foundation\\Application->Illuminate\\Foundation\\{closure}()
#21 /home/bsolutio/public_html/saleswheel/vendor/laravel/framework/src/Illuminate/Foundation/Application.php(911): array_walk()
#22 /home/bsolutio/public_html/saleswheel/vendor/laravel/framework/src/Illuminate/Foundation/Bootstrap/BootProviders.php(17): Illuminate\\Foundation\\Application->boot()
#23 /home/bsolutio/public_html/saleswheel/vendor/laravel/framework/src/Illuminate/Foundation/Application.php(242): Illuminate\\Foundation\\Bootstrap\\BootProviders->bootstrap()
#24 /home/bsolutio/public_html/saleswheel/vendor/laravel/framework/src/Illuminate/Foundation/Http/Kernel.php(176): Illuminate\\Foundation\\Application->bootstrapWith()
#25 /home/bsolutio/public_html/saleswheel/vendor/laravel/framework/src/Illuminate/Foundation/Http/Kernel.php(160): Illuminate\\Foundation\\Http\\Kernel->bootstrap()
#26 /home/bsolutio/public_html/saleswheel/vendor/laravel/framework/src/Illuminate/Foundation/Http/Kernel.php(134): Illuminate\\Foundation\\Http\\Kernel->sendRequestThroughRouter()
#27 /home/bsolutio/public_html/saleswheel/index.php(72): Illuminate\\Foundation\\Http\\Kernel->handle()
#28 {main}
"} 
