[2023-07-14 07:04:43] local.ERROR: Database connection [myprg_pran] not configured. {"userId":1,"exception":"[object] (InvalidArgumentException(code: 0): Database connection [myprg_pran] not configured. at /home/bsolutio/public_html/saleswheel/vendor/laravel/framework/src/Illuminate/Database/DatabaseManager.php:173)
[stacktrace]
#0 /home/bsolutio/public_html/saleswheel/vendor/laravel/framework/src/Illuminate/Database/DatabaseManager.php(136): Illuminate\\Database\\DatabaseManager->configuration()
#1 /home/bsolutio/public_html/saleswheel/vendor/laravel/framework/src/Illuminate/Database/DatabaseManager.php(101): Illuminate\\Database\\DatabaseManager->makeConnection()
#2 /home/bsolutio/public_html/saleswheel/vendor/laravel/framework/src/Illuminate/Database/Eloquent/Model.php(1815): Illuminate\\Database\\DatabaseManager->connection()
#3 /home/bsolutio/public_html/saleswheel/vendor/laravel/framework/src/Illuminate/Database/Eloquent/Model.php(1781): Illuminate\\Database\\Eloquent\\Model::resolveConnection()
#4 /home/bsolutio/public_html/saleswheel/vendor/laravel/framework/src/Illuminate/Database/Eloquent/Model.php(1573): Illuminate\\Database\\Eloquent\\Model->getConnection()
#5 /home/bsolutio/public_html/saleswheel/vendor/laravel/framework/src/Illuminate/Database/Eloquent/Model.php(1492): Illuminate\\Database\\Eloquent\\Model->newBaseQueryBuilder()
#6 /home/bsolutio/public_html/saleswheel/vendor/laravel/framework/src/Illuminate/Database/Eloquent/Model.php(1528): Illuminate\\Database\\Eloquent\\Model->newModelQuery()
#7 /home/bsolutio/public_html/saleswheel/vendor/laravel/framework/src/Illuminate/Database/Eloquent/Model.php(1481): Illuminate\\Database\\Eloquent\\Model->newQueryWithoutScopes()
#8 /home/bsolutio/public_html/saleswheel/vendor/laravel/framework/src/Illuminate/Database/Eloquent/Model.php(652): Illuminate\\Database\\Eloquent\\Model->newQuery()
#9 /home/bsolutio/public_html/saleswheel/app/Http/Controllers/API/v3/MobileAPI.php(739): Illuminate\\Database\\Eloquent\\Model::on()
#10 /home/bsolutio/public_html/saleswheel/vendor/laravel/framework/src/Illuminate/Routing/Controller.php(54): App\\Http\\Controllers\\API\\v3\\MobileAPI->login_hris()
#11 /home/bsolutio/public_html/saleswheel/vendor/laravel/framework/src/Illuminate/Routing/ControllerDispatcher.php(43): Illuminate\\Routing\\Controller->callAction()
#12 /home/bsolutio/public_html/saleswheel/vendor/laravel/framework/src/Illuminate/Routing/Route.php(260): Illuminate\\Routing\\ControllerDispatcher->dispatch()
#13 /home/bsolutio/public_html/saleswheel/vendor/laravel/framework/src/Illuminate/Routing/Route.php(205): Illuminate\\Routing\\Route->runController()
#14 /home/bsolutio/public_html/saleswheel/vendor/laravel/framework/src/Illuminate/Routing/Router.php(798): Illuminate\\Routing\\Route->run()
#15 /home/bsolutio/public_html/saleswheel/vendor/laravel/framework/src/Illuminate/Pipeline/Pipeline.php(141): Illuminate\\Routing\\Router->Illuminate\\Routing\\{closure}()
#16 /home/bsolutio/public_html/saleswheel/app/Http/Middleware/TimeZone.php(23): Illuminate\\Pipeline\\Pipeline->Illuminate\\Pipeline\\{closure}()
#17 /home/bsolutio/public_html/saleswheel/vendor/laravel/framework/src/Illuminate/Pipeline/Pipeline.php(180): App\\Http\\Middleware\\TimeZone->handle()
#18 /home/bsolutio/public_html/saleswheel/app/Http/Middleware/VerifyAPIKey.php(28): Illuminate\\Pipeline\\Pipeline->Illuminate\\Pipeline\\{closure}()
#19 /home/bsolutio/public_html/saleswheel/vendor/laravel/framework/src/Illuminate/Pipeline/Pipeline.php(180): App\\Http\\Middleware\\VerifyAPIKey->handle()
#20 /home/bsolutio/public_html/saleswheel/vendor/laravel/framework/src/Illuminate/Pipeline/Pipeline.php(116): Illuminate\\Pipeline\\Pipeline->Illuminate\\Pipeline\\{closure}()
#21 /home/bsolutio/public_html/saleswheel/vendor/laravel/framework/src/Illuminate/Routing/Router.php(799): Illuminate\\Pipeline\\Pipeline->then()
#22 /home/bsolutio/public_html/saleswheel/vendor/laravel/framework/src/Illuminate/Routing/Router.php(776): Illuminate\\Routing\\Router->runRouteWithinStack()
#23 /home/bsolutio/public_html/saleswheel/vendor/laravel/framework/src/Illuminate/Routing/Router.php(740): Illuminate\\Routing\\Router->runRoute()
#24 /home/bsolutio/public_html/saleswheel/vendor/laravel/framework/src/Illuminate/Routing/Router.php(729): Illuminate\\Routing\\Router->dispatchToRoute()
#25 /home/bsolutio/public_html/saleswheel/vendor/laravel/framework/src/Illuminate/Foundation/Http/Kernel.php(190): Illuminate\\Routing\\Router->dispatch()
#26 /home/bsolutio/public_html/saleswheel/vendor/laravel/framework/src/Illuminate/Pipeline/Pipeline.php(141): Illuminate\\Foundation\\Http\\Kernel->Illuminate\\Foundation\\Http\\{closure}()
#27 /home/bsolutio/public_html/saleswheel/vendor/laravel/framework/src/Illuminate/Foundation/Http/Middleware/TransformsRequest.php(21): Illuminate\\Pipeline\\Pipeline->Illuminate\\Pipeline\\{closure}()
#28 /home/bsolutio/public_html/saleswheel/vendor/laravel/framework/src/Illuminate/Foundation/Http/Middleware/ConvertEmptyStringsToNull.php(31): Illuminate\\Foundation\\Http\\Middleware\\TransformsRequest->handle()
#29 /home/bsolutio/public_html/saleswheel/vendor/laravel/framework/src/Illuminate/Pipeline/Pipeline.php(180): Illuminate\\Foundation\\Http\\Middleware\\ConvertEmptyStringsToNull->handle()
#30 /home/bsolutio/public_html/saleswheel/vendor/laravel/framework/src/Illuminate/Foundation/Http/Middleware/TransformsRequest.php(21): Illuminate\\Pipeline\\Pipeline->Illuminate\\Pipeline\\{closure}()
#31 /home/bsolutio/public_html/saleswheel/vendor/laravel/framework/src/Illuminate/Foundation/Http/Middleware/TrimStrings.php(40): Illuminate\\Foundation\\Http\\Middleware\\TransformsRequest->handle()
#32 /home/bsolutio/public_html/saleswheel/vendor/laravel/framework/src/Illuminate/Pipeline/Pipeline.php(180): Illuminate\\Foundation\\Http\\Middleware\\TrimStrings->handle()
#33 /home/bsolutio/public_html/saleswheel/vendor/laravel/framework/src/Illuminate/Foundation/Http/Middleware/ValidatePostSize.php(27): Illuminate\\Pipeline\\Pipeline->Illuminate\\Pipeline\\{closure}()
#34 /home/bsolutio/public_html/saleswheel/vendor/laravel/framework/src/Illuminate/Pipeline/Pipeline.php(180): Illuminate\\Foundation\\Http\\Middleware\\ValidatePostSize->handle()
#35 /home/bsolutio/public_html/saleswheel/vendor/laravel/framework/src/Illuminate/Foundation/Http/Middleware/PreventRequestsDuringMaintenance.php(86): Illuminate\\Pipeline\\Pipeline->Illuminate\\Pipeline\\{closure}()
#36 /home/bsolutio/public_html/saleswheel/vendor/laravel/framework/src/Illuminate/Pipeline/Pipeline.php(180): Illuminate\\Foundation\\Http\\Middleware\\PreventRequestsDuringMaintenance->handle()
#37 /home/bsolutio/public_html/saleswheel/vendor/laravel/framework/src/Illuminate/Http/Middleware/TrustProxies.php(39): Illuminate\\Pipeline\\Pipeline->Illuminate\\Pipeline\\{closure}()
#38 /home/bsolutio/public_html/saleswheel/vendor/laravel/framework/src/Illuminate/Pipeline/Pipeline.php(180): Illuminate\\Http\\Middleware\\TrustProxies->handle()
#39 /home/bsolutio/public_html/saleswheel/vendor/laravel/framework/src/Illuminate/Pipeline/Pipeline.php(116): Illuminate\\Pipeline\\Pipeline->Illuminate\\Pipeline\\{closure}()
#40 /home/bsolutio/public_html/saleswheel/vendor/laravel/framework/src/Illuminate/Foundation/Http/Kernel.php(165): Illuminate\\Pipeline\\Pipeline->then()
#41 /home/bsolutio/public_html/saleswheel/vendor/laravel/framework/src/Illuminate/Foundation/Http/Kernel.php(134): Illuminate\\Foundation\\Http\\Kernel->sendRequestThroughRouter()
#42 /home/bsolutio/public_html/saleswheel/public/index.php(52): Illuminate\\Foundation\\Http\\Kernel->handle()
#43 /home/bsolutio/public_html/saleswheel/server.php(21): require_once('/home/bsolutio/...')
#44 {main}
"} 
[2023-07-14 07:04:49] local.ERROR: Database connection [myprg_pran] not configured. {"userId":1,"exception":"[object] (InvalidArgumentException(code: 0): Database connection [myprg_pran] not configured. at /home/bsolutio/public_html/saleswheel/vendor/laravel/framework/src/Illuminate/Database/DatabaseManager.php:173)
[stacktrace]
#0 /home/bsolutio/public_html/saleswheel/vendor/laravel/framework/src/Illuminate/Database/DatabaseManager.php(136): Illuminate\\Database\\DatabaseManager->configuration()
#1 /home/bsolutio/public_html/saleswheel/vendor/laravel/framework/src/Illuminate/Database/DatabaseManager.php(101): Illuminate\\Database\\DatabaseManager->makeConnection()
#2 /home/bsolutio/public_html/saleswheel/vendor/laravel/framework/src/Illuminate/Database/Eloquent/Model.php(1815): Illuminate\\Database\\DatabaseManager->connection()
#3 /home/bsolutio/public_html/saleswheel/vendor/laravel/framework/src/Illuminate/Database/Eloquent/Model.php(1781): Illuminate\\Database\\Eloquent\\Model::resolveConnection()
#4 /home/bsolutio/public_html/saleswheel/vendor/laravel/framework/src/Illuminate/Database/Eloquent/Model.php(1573): Illuminate\\Database\\Eloquent\\Model->getConnection()
#5 /home/bsolutio/public_html/saleswheel/vendor/laravel/framework/src/Illuminate/Database/Eloquent/Model.php(1492): Illuminate\\Database\\Eloquent\\Model->newBaseQueryBuilder()
#6 /home/bsolutio/public_html/saleswheel/vendor/laravel/framework/src/Illuminate/Database/Eloquent/Model.php(1528): Illuminate\\Database\\Eloquent\\Model->newModelQuery()
#7 /home/bsolutio/public_html/saleswheel/vendor/laravel/framework/src/Illuminate/Database/Eloquent/Model.php(1481): Illuminate\\Database\\Eloquent\\Model->newQueryWithoutScopes()
#8 /home/bsolutio/public_html/saleswheel/vendor/laravel/framework/src/Illuminate/Database/Eloquent/Model.php(652): Illuminate\\Database\\Eloquent\\Model->newQuery()
#9 /home/bsolutio/public_html/saleswheel/app/Http/Controllers/API/v3/MobileAPI.php(739): Illuminate\\Database\\Eloquent\\Model::on()
#10 /home/bsolutio/public_html/saleswheel/vendor/laravel/framework/src/Illuminate/Routing/Controller.php(54): App\\Http\\Controllers\\API\\v3\\MobileAPI->login_hris()
#11 /home/bsolutio/public_html/saleswheel/vendor/laravel/framework/src/Illuminate/Routing/ControllerDispatcher.php(43): Illuminate\\Routing\\Controller->callAction()
#12 /home/bsolutio/public_html/saleswheel/vendor/laravel/framework/src/Illuminate/Routing/Route.php(260): Illuminate\\Routing\\ControllerDispatcher->dispatch()
#13 /home/bsolutio/public_html/saleswheel/vendor/laravel/framework/src/Illuminate/Routing/Route.php(205): Illuminate\\Routing\\Route->runController()
#14 /home/bsolutio/public_html/saleswheel/vendor/laravel/framework/src/Illuminate/Routing/Router.php(798): Illuminate\\Routing\\Route->run()
#15 /home/bsolutio/public_html/saleswheel/vendor/laravel/framework/src/Illuminate/Pipeline/Pipeline.php(141): Illuminate\\Routing\\Router->Illuminate\\Routing\\{closure}()
#16 /home/bsolutio/public_html/saleswheel/app/Http/Middleware/TimeZone.php(23): Illuminate\\Pipeline\\Pipeline->Illuminate\\Pipeline\\{closure}()
#17 /home/bsolutio/public_html/saleswheel/vendor/laravel/framework/src/Illuminate/Pipeline/Pipeline.php(180): App\\Http\\Middleware\\TimeZone->handle()
#18 /home/bsolutio/public_html/saleswheel/app/Http/Middleware/VerifyAPIKey.php(28): Illuminate\\Pipeline\\Pipeline->Illuminate\\Pipeline\\{closure}()
#19 /home/bsolutio/public_html/saleswheel/vendor/laravel/framework/src/Illuminate/Pipeline/Pipeline.php(180): App\\Http\\Middleware\\VerifyAPIKey->handle()
#20 /home/bsolutio/public_html/saleswheel/vendor/laravel/framework/src/Illuminate/Pipeline/Pipeline.php(116): Illuminate\\Pipeline\\Pipeline->Illuminate\\Pipeline\\{closure}()
#21 /home/bsolutio/public_html/saleswheel/vendor/laravel/framework/src/Illuminate/Routing/Router.php(799): Illuminate\\Pipeline\\Pipeline->then()
#22 /home/bsolutio/public_html/saleswheel/vendor/laravel/framework/src/Illuminate/Routing/Router.php(776): Illuminate\\Routing\\Router->runRouteWithinStack()
#23 /home/bsolutio/public_html/saleswheel/vendor/laravel/framework/src/Illuminate/Routing/Router.php(740): Illuminate\\Routing\\Router->runRoute()
#24 /home/bsolutio/public_html/saleswheel/vendor/laravel/framework/src/Illuminate/Routing/Router.php(729): Illuminate\\Routing\\Router->dispatchToRoute()
#25 /home/bsolutio/public_html/saleswheel/vendor/laravel/framework/src/Illuminate/Foundation/Http/Kernel.php(190): Illuminate\\Routing\\Router->dispatch()
#26 /home/bsolutio/public_html/saleswheel/vendor/laravel/framework/src/Illuminate/Pipeline/Pipeline.php(141): Illuminate\\Foundation\\Http\\Kernel->Illuminate\\Foundation\\Http\\{closure}()
#27 /home/bsolutio/public_html/saleswheel/vendor/laravel/framework/src/Illuminate/Foundation/Http/Middleware/TransformsRequest.php(21): Illuminate\\Pipeline\\Pipeline->Illuminate\\Pipeline\\{closure}()
#28 /home/bsolutio/public_html/saleswheel/vendor/laravel/framework/src/Illuminate/Foundation/Http/Middleware/ConvertEmptyStringsToNull.php(31): Illuminate\\Foundation\\Http\\Middleware\\TransformsRequest->handle()
#29 /home/bsolutio/public_html/saleswheel/vendor/laravel/framework/src/Illuminate/Pipeline/Pipeline.php(180): Illuminate\\Foundation\\Http\\Middleware\\ConvertEmptyStringsToNull->handle()
#30 /home/bsolutio/public_html/saleswheel/vendor/laravel/framework/src/Illuminate/Foundation/Http/Middleware/TransformsRequest.php(21): Illuminate\\Pipeline\\Pipeline->Illuminate\\Pipeline\\{closure}()
#31 /home/bsolutio/public_html/saleswheel/vendor/laravel/framework/src/Illuminate/Foundation/Http/Middleware/TrimStrings.php(40): Illuminate\\Foundation\\Http\\Middleware\\TransformsRequest->handle()
#32 /home/bsolutio/public_html/saleswheel/vendor/laravel/framework/src/Illuminate/Pipeline/Pipeline.php(180): Illuminate\\Foundation\\Http\\Middleware\\TrimStrings->handle()
#33 /home/bsolutio/public_html/saleswheel/vendor/laravel/framework/src/Illuminate/Foundation/Http/Middleware/ValidatePostSize.php(27): Illuminate\\Pipeline\\Pipeline->Illuminate\\Pipeline\\{closure}()
#34 /home/bsolutio/public_html/saleswheel/vendor/laravel/framework/src/Illuminate/Pipeline/Pipeline.php(180): Illuminate\\Foundation\\Http\\Middleware\\ValidatePostSize->handle()
#35 /home/bsolutio/public_html/saleswheel/vendor/laravel/framework/src/Illuminate/Foundation/Http/Middleware/PreventRequestsDuringMaintenance.php(86): Illuminate\\Pipeline\\Pipeline->Illuminate\\Pipeline\\{closure}()
#36 /home/bsolutio/public_html/saleswheel/vendor/laravel/framework/src/Illuminate/Pipeline/Pipeline.php(180): Illuminate\\Foundation\\Http\\Middleware\\PreventRequestsDuringMaintenance->handle()
#37 /home/bsolutio/public_html/saleswheel/vendor/laravel/framework/src/Illuminate/Http/Middleware/TrustProxies.php(39): Illuminate\\Pipeline\\Pipeline->Illuminate\\Pipeline\\{closure}()
#38 /home/bsolutio/public_html/saleswheel/vendor/laravel/framework/src/Illuminate/Pipeline/Pipeline.php(180): Illuminate\\Http\\Middleware\\TrustProxies->handle()
#39 /home/bsolutio/public_html/saleswheel/vendor/laravel/framework/src/Illuminate/Pipeline/Pipeline.php(116): Illuminate\\Pipeline\\Pipeline->Illuminate\\Pipeline\\{closure}()
#40 /home/bsolutio/public_html/saleswheel/vendor/laravel/framework/src/Illuminate/Foundation/Http/Kernel.php(165): Illuminate\\Pipeline\\Pipeline->then()
#41 /home/bsolutio/public_html/saleswheel/vendor/laravel/framework/src/Illuminate/Foundation/Http/Kernel.php(134): Illuminate\\Foundation\\Http\\Kernel->sendRequestThroughRouter()
#42 /home/bsolutio/public_html/saleswheel/public/index.php(52): Illuminate\\Foundation\\Http\\Kernel->handle()
#43 /home/bsolutio/public_html/saleswheel/server.php(21): require_once('/home/bsolutio/...')
#44 {main}
"} 
